<?xml version="1.0" encoding="UTF-8"?>
<testng-results skipped="0" failed="0" ignored="0" total="2" passed="2">
  <reporter-output>
  </reporter-output>
  <suite name="Default suite" duration-ms="60258" started-at="2020-02-01T05:26:48Z" finished-at="2020-02-01T05:27:49Z">
    <groups>
      <group name="cucumber">
        <method signature="AbstractTestNGCucumberTests.runScenario(cucumber.api.testng.PickleEventWrapper, cucumber.api.testng.CucumberFeatureWrapper)[pri:0, instance:com.leafBot.testcases.TC003_CreateLead@5a8e6209]" name="runScenario" class="cucumber.api.testng.AbstractTestNGCucumberTests"/>
      </group> <!-- cucumber -->
    </groups>
    <test name="Default test" duration-ms="60258" started-at="2020-02-01T05:26:48Z" finished-at="2020-02-01T05:27:49Z">
      <class name="com.leafBot.testcases.TC003_CreateLead">
        <test-method status="PASS" signature="startReport()[pri:0, instance:com.leafBot.testcases.TC003_CreateLead@5a8e6209]" name="startReport" is-config="true" duration-ms="473" started-at="2020-02-01T05:26:48Z" finished-at="2020-02-01T05:26:48Z">
          <reporter-output>
          </reporter-output>
        </test-method> <!-- startReport -->
        <test-method status="PASS" signature="setData()[pri:0, instance:com.leafBot.testcases.TC003_CreateLead@5a8e6209]" name="setData" is-config="true" duration-ms="0" started-at="2020-02-01T05:26:48Z" finished-at="2020-02-01T05:26:48Z">
          <reporter-output>
          </reporter-output>
        </test-method> <!-- setData -->
        <test-method status="PASS" signature="setUpClass()[pri:0, instance:com.leafBot.testcases.TC003_CreateLead@5a8e6209]" name="setUpClass" is-config="true" duration-ms="153" started-at="2020-02-01T05:26:48Z" finished-at="2020-02-01T05:26:48Z">
          <reporter-output>
          </reporter-output>
        </test-method> <!-- setUpClass -->
        <test-method status="PASS" signature="report()[pri:0, instance:com.leafBot.testcases.TC003_CreateLead@5a8e6209]" name="report" is-config="true" duration-ms="7" started-at="2020-02-01T05:26:48Z" finished-at="2020-02-01T05:26:48Z">
          <reporter-output>
          </reporter-output>
        </test-method> <!-- report -->
        <test-method status="PASS" signature="beforeMethod()[pri:0, instance:com.leafBot.testcases.TC003_CreateLead@5a8e6209]" name="beforeMethod" is-config="true" duration-ms="12480" started-at="2020-02-01T05:26:49Z" finished-at="2020-02-01T05:27:02Z">
          <reporter-output>
          </reporter-output>
        </test-method> <!-- beforeMethod -->
        <test-method status="PASS" signature="createLead(java.lang.String, java.lang.String, java.lang.String, java.lang.String, java.lang.String, java.lang.String)[pri:0, instance:com.leafBot.testcases.TC003_CreateLead@5a8e6209]" name="createLead" duration-ms="13399" started-at="2020-02-01T05:27:02Z" data-provider="fetchData" finished-at="2020-02-01T05:27:15Z">
          <params>
            <param index="0">
              <value>
                <![CDATA[DemoSalesManager]]>
              </value>
            </param>
            <param index="1">
              <value>
                <![CDATA[crmsfa]]>
              </value>
            </param>
            <param index="2">
              <value>
                <![CDATA[TestLeaf]]>
              </value>
            </param>
            <param index="3">
              <value>
                <![CDATA[Babu]]>
              </value>
            </param>
            <param index="4">
              <value>
                <![CDATA[M]]>
              </value>
            </param>
            <param index="5">
              <value>
                <![CDATA[babu@testleaf.com]]>
              </value>
            </param>
          </params>
          <reporter-output>
          </reporter-output>
        </test-method> <!-- createLead -->
        <test-method status="PASS" signature="afterMethod()[pri:0, instance:com.leafBot.testcases.TC003_CreateLead@5a8e6209]" name="afterMethod" is-config="true" duration-ms="4107" started-at="2020-02-01T05:27:15Z" finished-at="2020-02-01T05:27:19Z">
          <reporter-output>
          </reporter-output>
        </test-method> <!-- afterMethod -->
        <test-method status="PASS" signature="beforeMethod()[pri:0, instance:com.leafBot.testcases.TC003_CreateLead@5a8e6209]" name="beforeMethod" is-config="true" duration-ms="10734" started-at="2020-02-01T05:27:19Z" finished-at="2020-02-01T05:27:30Z">
          <reporter-output>
          </reporter-output>
        </test-method> <!-- beforeMethod -->
        <test-method status="PASS" signature="createLead(java.lang.String, java.lang.String, java.lang.String, java.lang.String, java.lang.String, java.lang.String)[pri:0, instance:com.leafBot.testcases.TC003_CreateLead@5a8e6209]" name="createLead" duration-ms="14391" started-at="2020-02-01T05:27:30Z" data-provider="fetchData" finished-at="2020-02-01T05:27:44Z">
          <params>
            <param index="0">
              <value>
                <![CDATA[DemoSalesManager]]>
              </value>
            </param>
            <param index="1">
              <value>
                <![CDATA[crmsfa]]>
              </value>
            </param>
            <param index="2">
              <value>
                <![CDATA[Qeagle]]>
              </value>
            </param>
            <param index="3">
              <value>
                <![CDATA[Gopinath]]>
              </value>
            </param>
            <param index="4">
              <value>
                <![CDATA[Jayakumar]]>
              </value>
            </param>
            <param index="5">
              <value>
                <![CDATA[gopinath@testleaf.com]]>
              </value>
            </param>
          </params>
          <reporter-output>
          </reporter-output>
        </test-method> <!-- createLead -->
        <test-method status="PASS" signature="afterMethod()[pri:0, instance:com.leafBot.testcases.TC003_CreateLead@5a8e6209]" name="afterMethod" is-config="true" duration-ms="4101" started-at="2020-02-01T05:27:44Z" finished-at="2020-02-01T05:27:49Z">
          <reporter-output>
          </reporter-output>
        </test-method> <!-- afterMethod -->
        <test-method status="PASS" signature="tearDownClass()[pri:0, instance:com.leafBot.testcases.TC003_CreateLead@5a8e6209]" name="tearDownClass" is-config="true" duration-ms="12" started-at="2020-02-01T05:27:49Z" finished-at="2020-02-01T05:27:49Z">
          <reporter-output>
          </reporter-output>
        </test-method> <!-- tearDownClass -->
        <test-method status="PASS" signature="stopReport()[pri:0, instance:com.leafBot.testcases.TC003_CreateLead@5a8e6209]" name="stopReport" is-config="true" duration-ms="471" started-at="2020-02-01T05:27:49Z" finished-at="2020-02-01T05:27:49Z">
          <reporter-output>
          </reporter-output>
        </test-method> <!-- stopReport -->
      </class> <!-- com.leafBot.testcases.TC003_CreateLead -->
    </test> <!-- Default test -->
  </suite> <!-- Default suite -->
</testng-results>
